<?xml version="1.0" encoding="UTF-8"?>
<!-- Generated by org.testng.reporters.JUnitReportReporter -->
<testsuite skipped="0" hostname="TSQA-L011" name="ass2_ServiceNow.SN_TC_01" tests="2" failures="0" timestamp="27 Sep 2019 11:41:44 GMT" time="215.164" errors="0">
  <testcase name="SN_createIncident" time="100.964" classname="ass2_ServiceNow.SN_TC_01"/>
  <testcase name="SN_createIncident" time="114.200" classname="ass2_ServiceNow.SN_TC_01"/>
</testsuite> <!-- ass2_ServiceNow.SN_TC_01 -->
